[05:17:07] [main/INFO]: Loading Minecraft 1.21 with Fabric Loader 0.15.11
[05:17:07] [ForkJoinPool-1-worker-1/WARN]: The mod "tcdcommons" contains invalid entries in its mod json:
- Unsupported root entry "" at line 27 column 4
- Unsupported root entry "" at line 27 column 198
- Unsupported root entry "" at line 29 column 4
- Unsupported root entry "" at line 29 column 24
[05:17:07] [ForkJoinPool-1-worker-3/WARN]: The mod "betterstats" contains invalid entries in its mod json:
- Unsupported root entry "" at line 26 column 4
- Unsupported root entry "" at line 26 column 92
- Unsupported root entry "" at line 28 column 4
- Unsupported root entry "" at line 28 column 24
[05:17:07] [main/WARN]: Warnings were found!
 - Mod 'Debugify' (debugify) 1.21+1.0 recommends any version of modmenu, which is missing!
	 - You should install any version of modmenu for the optimal experience.
[05:17:07] [main/INFO]: Loading 129 mods:
	- advancednetherite 2.1.5-1.21
	- amplified_nether 1.2.5
	- antixray 1.4.2+1.21
	   \-- com_moandjiezana_toml_toml4j 0.7.2
	- appleskin 3.0.2+mc1.21
	- architectury 13.0.2
	- badpackets 0.8.1
	- balm-fabric 21.0.8
	   \-- kuma_api 21.0.4
	- betterstats 3.11.2+fabric-1.21
	- c2me 0.2.0+alpha.11.106+1.21
	   |-- c2me-base 0.2.0+alpha.11.106+1.21
	   |-- c2me-client-uncapvd 0.2.0+alpha.11.106+1.21
	   |-- c2me-fixes-chunkio-threading-issues 0.2.0+alpha.11.106+1.21
	   |-- c2me-fixes-general-threading-issues 0.2.0+alpha.11.106+1.21
	   |-- c2me-fixes-worldgen-threading-issues 0.2.0+alpha.11.106+1.21
	   |-- c2me-fixes-worldgen-vanilla-bugs 0.2.0+alpha.11.106+1.21
	   |-- c2me-notickvd 0.2.0+alpha.11.106+1.21
	   |-- c2me-opts-allocs 0.2.0+alpha.11.106+1.21
	   |-- c2me-opts-chunk-access 0.2.0+alpha.11.106+1.21
	   |-- c2me-opts-chunkio 0.2.0+alpha.11.106+1.21
	   |-- c2me-opts-math 0.2.0+alpha.11.106+1.21
	   |-- c2me-opts-scheduling 0.2.0+alpha.11.106+1.21
	   |-- c2me-opts-worldgen-general 0.2.0+alpha.11.106+1.21
	   |-- c2me-opts-worldgen-vanilla 0.2.0+alpha.11.106+1.21
	   |-- c2me-rewrites-chunk-serializer 0.2.0+alpha.11.106+1.21
	   |-- c2me-rewrites-chunkio 0.2.0+alpha.11.106+1.21
	   |-- c2me-server-utils 0.2.0+alpha.11.106+1.21
	   |-- c2me-threading-chunkio 0.2.0+alpha.11.106+1.21
	   |-- c2me-threading-lighting 0.2.0+alpha.11.106+1.21
	   |-- c2me-threading-worldgen 0.2.0+alpha.11.106+1.21
	   |-- com_electronwill_night-config_core 3.6.5
	   |-- com_electronwill_night-config_toml 3.6.5
	   |-- com_ibm_async_asyncutil 0.1.0
	   |-- net_objecthunter_exp4j 0.4.8
	   \-- org_threadly_threadly 7.0
	- cloth-config 15.0.127
	   \-- cloth-basic-math 0.6.1
	- clumps 18.0.0.1
	- collective 7.64
	- debugify 1.21+1.0
	- doubledoors 5.8
	- elytratrims 3.2.0
	   \-- mixinsquared 0.1.2-beta.4
	- fabric-api 0.100.4+1.21
	   |-- fabric-api-base 0.4.42+6573ed8cd1
	   |-- fabric-api-lookup-api-v1 1.6.67+b5597344d1
	   |-- fabric-biome-api-v1 13.0.28+6fc22b99d1
	   |-- fabric-block-api-v1 1.0.22+0af3f5a7d1
	   |-- fabric-block-view-api-v2 1.0.10+6573ed8cd1
	   |-- fabric-blockrenderlayer-v1 1.1.52+0af3f5a7d1
	   |-- fabric-client-tags-api-v1 1.1.15+6573ed8cd1
	   |-- fabric-command-api-v1 1.2.48+f71b366fd1
	   |-- fabric-command-api-v2 2.2.27+6a6dfa19d1
	   |-- fabric-commands-v0 0.2.65+df3654b3d1
	   |-- fabric-content-registries-v0 8.0.14+b5597344d1
	   |-- fabric-convention-tags-v1 2.0.15+7f945d5bd1
	   |-- fabric-convention-tags-v2 2.3.2+78017270d1
	   |-- fabric-crash-report-info-v1 0.2.29+0af3f5a7d1
	   |-- fabric-data-attachment-api-v1 1.1.24+6a6dfa19d1
	   |-- fabric-data-generation-api-v1 20.2.9+16c4ae25d1
	   |-- fabric-dimensions-v1 4.0.0+6fc22b99d1
	   |-- fabric-entity-events-v1 1.6.12+6fc22b99d1
	   |-- fabric-events-interaction-v0 0.7.10+e633f883d1
	   |-- fabric-game-rule-api-v1 1.0.52+6573ed8cd1
	   |-- fabric-item-api-v1 11.0.0+afdfc921d1
	   |-- fabric-item-group-api-v1 4.1.2+78017270d1
	   |-- fabric-key-binding-api-v1 1.0.47+0af3f5a7d1
	   |-- fabric-keybindings-v0 0.2.45+df3654b3d1
	   |-- fabric-lifecycle-events-v1 2.3.11+8f3583aed1
	   |-- fabric-loot-api-v2 3.0.11+6573ed8cd1
	   |-- fabric-message-api-v1 6.0.13+6573ed8cd1
	   |-- fabric-model-loading-api-v1 2.0.0+fe474d6bd1
	   |-- fabric-networking-api-v1 4.2.0+ab7edbacd1
	   |-- fabric-object-builder-api-v1 15.1.12+d1321076d1
	   |-- fabric-particles-v1 4.0.2+6573ed8cd1
	   |-- fabric-recipe-api-v1 5.0.10+65089712d1
	   |-- fabric-registry-sync-v0 5.0.23+78017270d1
	   |-- fabric-renderer-api-v1 3.3.0+0ae0b97dd1
	   |-- fabric-renderer-indigo 1.6.5+48fb1586d1
	   |-- fabric-renderer-registries-v1 3.2.67+df3654b3d1
	   |-- fabric-rendering-data-attachment-v1 0.3.48+73761d2ed1
	   |-- fabric-rendering-fluids-v1 3.1.6+b5597344d1
	   |-- fabric-rendering-v0 1.1.70+df3654b3d1
	   |-- fabric-rendering-v1 5.0.4+5a8c785ed1
	   |-- fabric-resource-conditions-api-v1 4.2.1+d153f344d1
	   |-- fabric-resource-loader-v0 1.1.5+78017270d1
	   |-- fabric-screen-api-v1 2.0.24+b5597344d1
	   |-- fabric-screen-handler-api-v1 1.3.80+b5597344d1
	   |-- fabric-sound-api-v1 1.0.23+6573ed8cd1
	   |-- fabric-transfer-api-v1 5.1.15+3dccd343d1
	   \-- fabric-transitive-access-wideners-v1 6.0.12+6573ed8cd1
	- fabric-language-kotlin 1.11.0+kotlin.2.0.0
	   |-- org_jetbrains_kotlin_kotlin-reflect 2.0.0
	   |-- org_jetbrains_kotlin_kotlin-stdlib 2.0.0
	   |-- org_jetbrains_kotlin_kotlin-stdlib-jdk7 2.0.0
	   |-- org_jetbrains_kotlin_kotlin-stdlib-jdk8 2.0.0
	   |-- org_jetbrains_kotlinx_atomicfu-jvm 0.24.0
	   |-- org_jetbrains_kotlinx_kotlinx-coroutines-core-jvm 1.8.1
	   |-- org_jetbrains_kotlinx_kotlinx-coroutines-jdk8 1.8.1
	   |-- org_jetbrains_kotlinx_kotlinx-datetime-jvm 0.6.0
	   |-- org_jetbrains_kotlinx_kotlinx-serialization-cbor-jvm 1.6.3
	   |-- org_jetbrains_kotlinx_kotlinx-serialization-core-jvm 1.6.3
	   \-- org_jetbrains_kotlinx_kotlinx-serialization-json-jvm 1.6.3
	- fabricloader 0.15.11
	   \-- mixinextras 0.3.5
	- faster-random 4.1.0
	- ferritecore 7.0.0
	- geophilic 2.4.1
	- jade 15.0.4+fabric
	- jamlib 1.0.9+1.21
	   \-- blue_endless_jankson 1.2.3
	- java 21
	- krypton 0.2.8
	   \-- com_velocitypowered_velocity-native 3.3.0-SNAPSHOT
	- ksyxis 1.3.2
	- lithium 0.12.7
	- logbegone 1.0.2
	- minecraft 1.21
	- modernfix 5.18.3+mc1.21
	- mru 0.4.3+1.21
	- netherportalfix 21.0.2
	- nochatreports 1.21-v2.8.0
	- noisium 2.2.0+mc1.21
	   \-- mixinextras 0.3.5
	- nullscape 1.2.6
	- packetfixer 1.4.1
	- railoptimization 1.2
	- rightclickharvest 4.2.0+1.21
	- snowundertrees 2.4.0+1.21
	- spark 1.10.73
	   \-- fabric-permissions-api-v0 0.3.1
	- tcdcommons 3.11.1+fabric-1.21
	- vanillafix 1.2.2-beta
	- yet_another_config_lib_v3 3.5.0+1.21-fabric
	   |-- com_twelvemonkeys_common_common-image 3.10.0
	   |-- com_twelvemonkeys_common_common-io 3.10.0
	   |-- com_twelvemonkeys_common_common-lang 3.10.0
	   |-- com_twelvemonkeys_imageio_imageio-core 3.10.0
	   |-- com_twelvemonkeys_imageio_imageio-metadata 3.10.0
	   |-- com_twelvemonkeys_imageio_imageio-webp 3.10.0
	   |-- org_quiltmc_parsers_gson 0.2.1
	   \-- org_quiltmc_parsers_json 0.2.1
[05:17:07] [main/INFO]: SpongePowered MIXIN Subsystem Version=0.8.5 Source=file:/workspaces/fortheboys/servidor_minecraft/libraries/net/fabricmc/sponge-mixin/0.13.3+mixin.0.8.5/sponge-mixin-0.13.3+mixin.0.8.5.jar Service=Knot/Fabric Env=SERVER
[05:17:07] [main/INFO]: Compatibility level set to JAVA_21
[05:17:08] [main/INFO]: Initializing com.ishland.c2me.base.mixin
[05:17:08] [main/INFO]: Updating config from 0 to 1
[05:17:08] [main/INFO]: Updating config from 1 to 2
[05:17:08] [main/INFO]: Updating config from 2 to 3
[05:17:08] [main/INFO]: Global Executor Parallelism: 1 configured, 1 evaluated, 1 default evaluated
[05:17:08] [main/INFO]: Initializing com.ishland.c2me.fixes.chunkio.threading_issues.mixin
[05:17:08] [main/INFO]: Initializing com.ishland.c2me.fixes.general.threading_issues.mixin
[05:17:08] [main/INFO]: Initializing com.ishland.c2me.fixes.worldgen.threading_issues.mixin
[05:17:08] [main/INFO]: Initializing com.ishland.c2me.fixes.worldgen.vanilla_bugs.mixin
[05:17:08] [main/INFO]: Initializing com.ishland.c2me.notickvd.mixin
[05:17:08] [main/INFO]: Initializing com.ishland.c2me.opts.allocs.mixin
[05:17:08] [main/INFO]: Initializing com.ishland.c2me.opts.chunk_access.mixin
[05:17:08] [main/INFO]: Disabling com.ishland.c2me.opts.chunk_access.mixin
[05:17:08] [main/INFO]: Initializing com.ishland.c2me.opts.chunkio.mixin
[05:17:08] [main/INFO]: Initializing com.ishland.c2me.opts.math.mixin
[05:17:08] [main/INFO]: Initializing com.ishland.c2me.opts.scheduling.mixin
[05:17:08] [main/INFO]: Initializing com.ishland.c2me.opts.worldgen.general.mixin
[05:17:08] [main/INFO]: Initializing com.ishland.c2me.opts.worldgen.vanilla.mixin
[05:17:08] [main/INFO]: Initializing com.ishland.c2me.rewrites.chunk_serializer.mixin
[05:17:08] [main/INFO]: Disabling config ioSystem.gcFreeChunkSerializer: Incompatible with architectury@13.0.2 (*) (defined in c2me)
[05:17:08] [main/INFO]: Disabling com.ishland.c2me.rewrites.chunk_serializer.mixin
[05:17:08] [main/INFO]: Initializing com.ishland.c2me.rewrites.chunkio.mixin
[05:17:08] [main/INFO]: Disabling com.ishland.c2me.rewrites.chunkio.mixin
[05:17:08] [main/INFO]: Initializing com.ishland.c2me.server.utils.mixin
[05:17:08] [main/INFO]: Initializing com.ishland.c2me.threading.chunkio.mixin
[05:17:08] [main/INFO]: Initializing com.ishland.c2me.threading.lighting.mixin
[05:17:08] [main/INFO]: Initializing com.ishland.c2me.threading.worldgen.mixin
[05:17:08] [main/INFO]: Disabling com.ishland.c2me.threading.worldgen.mixin
[05:17:08] [main/WARN]: Mod 'c2me' attempted to override option 'mixin.world.player_chunk_tick', which doesn't exist, ignoring
[05:17:08] [main/INFO]: Loaded configuration file for Lithium: 138 options available, 1 override(s) found
[05:17:08] [main/INFO]: Loaded configuration file for ModernFix 5.18.3+mc1.21: 55 options available, 4 override(s) found
[05:17:08] [main/WARN]: Option 'mixin.bugfix.paper_chunk_patches' overriden (by mods [c2me]) to 'false'
[05:17:08] [main/WARN]: Option 'mixin.perf.cache_strongholds' overriden (by mods [c2me]) to 'false'
[05:17:08] [main/WARN]: Option 'mixin.perf.nbt_memory_usage' overriden (by mods [c2me]) to 'false'
[05:17:08] [main/WARN]: Option 'mixin.bugfix.chunk_deadlock' overriden (by mods [c2me]) to 'false'
[05:17:08] [main/INFO]: Applying Nashorn fix
[05:17:08] [main/WARN]: Error loading class: qouteall/imm_ptl/core/network/PacketRedirection$Payload (java.lang.ClassNotFoundException: qouteall/imm_ptl/core/network/PacketRedirection$Payload)
[05:17:08] [main/WARN]: @Mixin target qouteall.imm_ptl.core.network.PacketRedirection$Payload was not found antixray.fabric.mixins.json:imm_ptl_core.PacketRedirection$PayloadMixin from mod antixray
[05:17:09] [main/WARN]: Error loading class: ca/spottedleaf/starlight/common/thread/SchedulingUtil (java.lang.ClassNotFoundException: ca/spottedleaf/starlight/common/thread/SchedulingUtil)
[05:17:09] [main/WARN]: Force-disabling mixin 'alloc.blockstate.StateMixin' as rule 'mixin.alloc.blockstate' (added by mods [ferritecore]) disables it and children
[05:17:09] [main/WARN]: Can't get value of: "fixRecipeBookIngredientsWithTags" defaulting to false
[05:17:09] [main/WARN]: Not applying "org.dimdev.vanillafix.bugs.mixins.PlayerInventoryMixin" mixin
[05:17:10] [main/INFO]: Initializing MixinExtras via com.llamalad7.mixinextras.service.MixinExtrasServiceImpl(version=0.3.5).
[05:17:12] [main/INFO]: Injecting BlockStateBase cache population hook into lithium$getPathNodeType from me.jellysquid.mods.lithium.mixin.ai.pathing.AbstractBlockStateMixin
[05:17:12] [main/INFO]: Injecting BlockStateBase cache population hook into lithium$getAllFlags from me.jellysquid.mods.lithium.mixin.util.block_tracking.AbstractBlockStateMixin
[05:17:12] [main/INFO]: Injecting BlockStateBase cache population hook into lithium$getNeighborPathNodeType from me.jellysquid.mods.lithium.mixin.ai.pathing.AbstractBlockStateMixin
[05:17:12] [main/WARN]: Method overwrite conflict for method_21740 in modernfix-common.mixins.json:perf.remove_biome_temperature_cache.BiomeMixin from mod modernfix, previously written by me.jellysquid.mods.lithium.mixin.world.temperature_cache.BiomeMixin. Skipping method.
[05:17:15] [main/INFO]: Vanilla bootstrap took 5194 milliseconds
[05:17:15] [main/INFO]: Initializing platform helper for Advanced Netherite!
[05:17:15] [main/INFO]: Successfully initialized antixray for fabric
[05:17:16] [main/INFO]: Loading Collective version 7.64.
[05:17:16] [main/INFO]: Enabled 28 bug fixes: [MC-2025, MC-7569, MC-8187, MC-30391, MC-69216, MC-88371, MC-89146, MC-93018, MC-100991, MC-119417, MC-119754, MC-121706, MC-121903, MC-129909, MC-132878, MC-135971, MC-155509, MC-160095, MC-179072, MC-183990, MC-199467, MC-200418, MC-206922, MC-215530, MC-223153, MC-224729, MC-231743, MC-232869]
[05:17:16] [main/INFO]: Successfully Debugify'd your game!
[05:17:16] [main/INFO]: Initializing JamLib on Fabric
[05:17:16] [main/INFO]: Compression will use libdeflate (Linux x86_64), encryption will use OpenSSL 1.1.x (Linux x86_64)
[05:17:16] [main/INFO]: Ksyxis: Booting... (platform: Fabric, manual: false)
[05:17:16] [main/INFO]: Ksyxis: Found Mixin library. (version: 0.8.5)
[05:17:16] [main/INFO]: Ksyxis: Ready. As always, this mod will speed up your world loading and might or might not break it.
[05:17:16] [main/INFO]: Loading Noisium.
[05:17:16] [main/INFO]: Packet Fixer has been initialized successfully
[05:17:16] [main/INFO]: Updated config file at /workspaces/fortheboys/servidor_minecraft/config/rightclickharvest.json5
[05:17:16] [main/INFO]: Updated config file at /workspaces/fortheboys/servidor_minecraft/config/rightclickharvest.json5
[05:17:16] [main/INFO]: Initializing Right Click Harvest on FABRIC
[05:17:16] [main/INFO]: Config file './config/snowundertrees.config.json' does not exist. Creating it with default values.
[05:17:16] [main/INFO]: Serializing class dev.imb11.snowundertrees.config.SnowUnderTreesConfig to './config/snowundertrees.config.json'
[05:17:16] [main/WARN]: ================================================
[05:17:16] [main/WARN]: You are running a beta version of VanillaIcecreamFix!
[05:17:16] [main/WARN]: VanillaIcecreamFix Version: 1.2.2-beta
[05:17:16] [main/WARN]: We can not guarantee that this version is compatible
[05:17:16] [main/WARN]: with all mods. Please report issues to github if found.
[05:17:16] [main/WARN]: ================================================
[05:17:16] [main/INFO]: Initializing 'Better Statistics Screen' as 'BetterStatsServer'.
[05:17:16] [main/INFO]: Krypton is now accelerating your Minecraft server's networking stack 🚀
[05:17:16] [main/INFO]: Initializing 'TCD Commons API' 3.11.1+fabric-1.21 as 'TCDCommonsServer'.
[05:17:16] [main/ERROR]: Failed to load properties from file: server.properties
java.nio.file.NoSuchFileException: server.properties
	at java.base/sun.nio.fs.UnixException.translateToIOException(UnixException.java:92) ~[?:?]
	at java.base/sun.nio.fs.UnixException.rethrowAsIOException(UnixException.java:106) ~[?:?]
	at java.base/sun.nio.fs.UnixException.rethrowAsIOException(UnixException.java:111) ~[?:?]
	at java.base/sun.nio.fs.UnixFileSystemProvider.newByteChannel(UnixFileSystemProvider.java:261) ~[?:?]
	at java.base/java.nio.file.Files.newByteChannel(Files.java:379) ~[?:?]
	at java.base/java.nio.file.Files.newByteChannel(Files.java:431) ~[?:?]
	at java.base/java.nio.file.spi.FileSystemProvider.newInputStream(FileSystemProvider.java:420) ~[?:?]
	at java.base/java.nio.file.Files.newInputStream(Files.java:159) ~[?:?]
	at net.minecraft.class_3808.method_16727(class_3808.java:62) [server-intermediary.jar:?]
	at net.minecraft.class_3806.method_16714(class_3806.java:141) [server-intermediary.jar:?]
	at net.minecraft.class_3807.<init>(class_3807.java:12) [server-intermediary.jar:?]
	at net.minecraft.server.Main.main(Main.java:114) [server-intermediary.jar:?]
	at net.fabricmc.loader.impl.game.minecraft.MinecraftGameProvider.launch(MinecraftGameProvider.java:470) [fabric-loader-0.15.11.jar:?]
	at net.fabricmc.loader.impl.launch.knot.Knot.launch(Knot.java:74) [fabric-loader-0.15.11.jar:?]
	at net.fabricmc.loader.impl.launch.knot.KnotServer.main(KnotServer.java:23) [fabric-loader-0.15.11.jar:?]
	at net.fabricmc.loader.impl.launch.server.FabricServerLauncher.main(FabricServerLauncher.java:69) [fabric-loader-0.15.11.jar:?]
	at net.fabricmc.installer.ServerLauncher.main(ServerLauncher.java:69) [fabric-server-launch.jar:1.0.1]
[05:17:16] [main/INFO]: Environment: Environment[sessionHost=https://sessionserver.mojang.com, servicesHost=https://api.minecraftservices.com, name=PROD]
[05:17:17] [main/INFO]: No existing world data, creating new world
[05:17:18] [main/INFO]: Loaded 1342 recipes
[05:17:18] [main/INFO]: Loaded 1449 advancements
[05:17:19] [main/INFO]: Applied 7 biome modifications to 7 of 67 new biomes in 7.497 ms
[05:17:19] [Server thread/INFO]: Starting background profiler...
[05:17:19] [Server thread/INFO]: Starting minecraft server version 1.21
[05:17:19] [Server thread/INFO]: Loading properties
[05:17:19] [Server thread/INFO]: Default game type: SURVIVAL
[05:17:19] [Server thread/INFO]: Generating keypair
[05:17:19] [Server thread/INFO]: Starting Minecraft server on *:25565
[05:17:19] [Server thread/INFO]: Using epoll channel type
[05:17:20] [Server thread/INFO]: Preparing level "world"
[05:17:20] [Server thread/INFO]: Enforcing safe world random access
[05:17:25] [Server thread/INFO]: Done (5.960s)! For help, type "help"
[05:17:25] [Server thread/WARN]: Dedicated server took 19.693 seconds to load
[05:17:26] [Server thread/INFO]: Start loading plugin from Jade: snownee.jade.addon.core.CorePlugin
[05:17:26] [Server thread/INFO]: Start loading plugin from Jade: snownee.jade.addon.vanilla.VanillaPlugin
[05:17:26] [Server thread/INFO]: Start loading plugin from Jade: snownee.jade.addon.universal.UniversalPlugin
[05:17:26] [Server thread/INFO]: Start loading plugin from Jade: snownee.jade.addon.debug.DebugPlugin
[05:17:58] [Server thread/INFO]: Stopping server
[05:17:58] [Server thread/INFO]: Saving players
[05:17:58] [Server thread/INFO]: Saving worlds
[05:17:58] [Server thread/INFO]: Saving chunks for level 'ServerLevel[world]'/minecraft:overworld
[05:17:58] [Server thread/INFO]: Saving chunks for level 'ServerLevel[world]'/minecraft:the_nether
[05:17:58] [Server thread/INFO]: Saving chunks for level 'ServerLevel[world]'/minecraft:the_end
[05:17:58] [Server console handler/ERROR]: Exception handling console input
java.io.IOException: Input/output error
	at java.base/java.io.FileInputStream.readBytes(Native Method) ~[?:?]
	at java.base/java.io.FileInputStream.read(FileInputStream.java:287) ~[?:?]
	at java.base/java.io.BufferedInputStream.read1(BufferedInputStream.java:345) ~[?:?]
	at java.base/java.io.BufferedInputStream.implRead(BufferedInputStream.java:420) ~[?:?]
	at java.base/java.io.BufferedInputStream.read(BufferedInputStream.java:399) ~[?:?]
	at java.base/sun.nio.cs.StreamDecoder.readBytes(StreamDecoder.java:350) ~[?:?]
	at java.base/sun.nio.cs.StreamDecoder.implRead(StreamDecoder.java:393) ~[?:?]
	at java.base/sun.nio.cs.StreamDecoder.lockedRead(StreamDecoder.java:217) ~[?:?]
	at java.base/sun.nio.cs.StreamDecoder.read(StreamDecoder.java:171) ~[?:?]
	at java.base/java.io.InputStreamReader.read(InputStreamReader.java:188) ~[?:?]
	at java.base/java.io.BufferedReader.fill(BufferedReader.java:160) ~[?:?]
	at java.base/java.io.BufferedReader.implReadLine(BufferedReader.java:370) ~[?:?]
	at java.base/java.io.BufferedReader.readLine(BufferedReader.java:347) ~[?:?]
	at java.base/java.io.BufferedReader.readLine(BufferedReader.java:436) ~[?:?]
	at net.minecraft.class_3176$1.run(class_3176.java:103) [server-intermediary.jar:?]
[05:17:58] [Server thread/INFO]: ThreadedAnvilChunkStorage (world): All chunks are saved
[05:17:58] [Server thread/INFO]: ThreadedAnvilChunkStorage (DIM-1): All chunks are saved
[05:17:58] [Server thread/INFO]: ThreadedAnvilChunkStorage (DIM1): All chunks are saved
[05:17:58] [Server thread/INFO]: ThreadedAnvilChunkStorage: All dimensions are saved
